<?xml version="1.0" encoding="UTF-8"?>
<testng-results ignored="1" total="2" passed="1" failed="0" skipped="0">
  <reporter-output>
  </reporter-output>
  <suite started-at="2024-11-05T11:43:24 MEZ" name="Default suite" finished-at="2024-11-05T11:43:24 MEZ" duration-ms="51">
    <groups>
    </groups>
    <test started-at="2024-11-05T11:43:24 MEZ" name="Default test" finished-at="2024-11-05T11:43:24 MEZ" duration-ms="51">
      <class name="exceptionsTesting.Test_Aufgabe4">
        <test-method signature="testReadFile2()[pri:0, instance:exceptionsTesting.Test_Aufgabe4@272ed83b]" started-at="2024-11-05T11:43:24 MEZ" name="testReadFile2" finished-at="2024-11-05T11:43:24 MEZ" duration-ms="10" status="PASS">
          <reporter-output>
          </reporter-output>
        </test-method> <!-- testReadFile2 -->
      </class> <!-- exceptionsTesting.Test_Aufgabe4 -->
    </test> <!-- Default test -->
  </suite> <!-- Default suite -->
</testng-results>
