<?xml version="1.0" encoding="UTF-8"?>
<testng-results ignored="0" total="4" passed="4" failed="0" skipped="0">
  <reporter-output>
  </reporter-output>
  <suite started-at="2024-10-22T10:30:19 MESZ" name="Default suite" finished-at="2024-10-22T10:30:19 MESZ" duration-ms="69">
    <groups>
    </groups>
    <test started-at="2024-10-22T10:30:19 MESZ" name="Default test" finished-at="2024-10-22T10:30:19 MESZ" duration-ms="69">
      <class name="formsTesting.GroupTesting">
        <test-method signature="testAddForm()[pri:0, instance:formsTesting.GroupTesting@4944252c]" started-at="2024-10-22T10:30:19 MESZ" name="testAddForm" finished-at="2024-10-22T10:30:19 MESZ" duration-ms="13" status="PASS">
          <reporter-output>
          </reporter-output>
        </test-method> <!-- testAddForm -->
        <test-method signature="testAddForm2()[pri:0, instance:formsTesting.GroupTesting@4944252c]" started-at="2024-10-22T10:30:19 MESZ" name="testAddForm2" finished-at="2024-10-22T10:30:19 MESZ" duration-ms="1" status="PASS">
          <reporter-output>
          </reporter-output>
        </test-method> <!-- testAddForm2 -->
        <test-method signature="testCalculateArea()[pri:0, instance:formsTesting.GroupTesting@4944252c]" started-at="2024-10-22T10:30:19 MESZ" name="testCalculateArea" finished-at="2024-10-22T10:30:19 MESZ" duration-ms="2" status="PASS">
          <reporter-output>
          </reporter-output>
        </test-method> <!-- testCalculateArea -->
        <test-method signature="testCalculateArea2()[pri:0, instance:formsTesting.GroupTesting@4944252c]" started-at="2024-10-22T10:30:19 MESZ" name="testCalculateArea2" finished-at="2024-10-22T10:30:19 MESZ" duration-ms="1" status="PASS">
          <reporter-output>
          </reporter-output>
        </test-method> <!-- testCalculateArea2 -->
      </class> <!-- formsTesting.GroupTesting -->
    </test> <!-- Default test -->
  </suite> <!-- Default suite -->
</testng-results>
